0 info it worked if it ends with ok
1 verbose cli [ '/usr/bin/nodejs',
1 verbose cli   '/usr/bin/npm',
1 verbose cli   'install',
1 verbose cli   'typescript',
1 verbose cli   '--save' ]
2 info using npm@1.3.10
3 info using node@v0.10.25
4 warn package.json AutomataJS@0.0.0 No README data
5 verbose readDependencies using package.json deps
6 verbose cache add [ 'typescript', null ]
7 verbose cache add name=undefined spec="typescript" args=["typescript",null]
8 verbose parsed url { protocol: null,
8 verbose parsed url   slashes: null,
8 verbose parsed url   auth: null,
8 verbose parsed url   host: null,
8 verbose parsed url   port: null,
8 verbose parsed url   hostname: null,
8 verbose parsed url   hash: null,
8 verbose parsed url   search: null,
8 verbose parsed url   query: null,
8 verbose parsed url   pathname: 'typescript',
8 verbose parsed url   path: 'typescript',
8 verbose parsed url   href: 'typescript' }
9 silly lockFile fb9da861-typescript typescript
10 verbose lock typescript /home/jared/.npm/fb9da861-typescript.lock
11 silly lockFile fb9da861-typescript typescript
12 silly lockFile fb9da861-typescript typescript
13 verbose addNamed [ 'typescript', '' ]
14 verbose addNamed [ null, '*' ]
15 silly lockFile b598c0ef-typescript typescript@
16 verbose lock typescript@ /home/jared/.npm/b598c0ef-typescript.lock
17 silly addNameRange { name: 'typescript', range: '*', hasData: false }
18 verbose url raw typescript
19 verbose url resolving [ 'https://registry.npmjs.org/', './typescript' ]
20 verbose url resolved https://registry.npmjs.org/typescript
21 info trying registry request attempt 1 at 21:40:59
22 http GET https://registry.npmjs.org/typescript
23 info retry will retry, error on last attempt: Error: CERT_UNTRUSTED
24 info trying registry request attempt 2 at 21:41:09
25 http GET https://registry.npmjs.org/typescript
26 info retry will retry, error on last attempt: Error: CERT_UNTRUSTED
27 info trying registry request attempt 3 at 21:42:09
28 http GET https://registry.npmjs.org/typescript
29 silly lockFile b598c0ef-typescript typescript@
30 silly lockFile b598c0ef-typescript typescript@
31 error Error: CERT_UNTRUSTED
31 error     at SecurePair.<anonymous> (tls.js:1370:32)
31 error     at SecurePair.EventEmitter.emit (events.js:92:17)
31 error     at SecurePair.maybeInitFinished (tls.js:982:10)
31 error     at CleartextStream.read [as _read] (tls.js:469:13)
31 error     at CleartextStream.Readable.read (_stream_readable.js:320:10)
31 error     at EncryptedStream.write [as _write] (tls.js:366:25)
31 error     at doWrite (_stream_writable.js:223:10)
31 error     at writeOrBuffer (_stream_writable.js:213:5)
31 error     at EncryptedStream.Writable.write (_stream_writable.js:180:11)
31 error     at write (_stream_readable.js:583:24)
32 error If you need help, you may report this log at:
32 error     <http://github.com/isaacs/npm/issues>
32 error or email it to:
32 error     <npm-@googlegroups.com>
33 error System Linux 3.18.0-18747-gdea8d908bd77
34 error command "/usr/bin/nodejs" "/usr/bin/npm" "install" "typescript" "--save"
35 error cwd /home/jared/Projects/AutomataJS
36 error node -v v0.10.25
37 error npm -v 1.3.10
38 verbose exit [ 1, true ]
